<?xml version="1.0" encoding="UTF-8"?>
<!-- Generated by org.testng.reporters.JUnitReportReporter -->
<testsuite hostname="Ravis-MBP.lan" failures="0" tests="1" name="com.login.PositiveTest" time="10.555" errors="0" timestamp="2023-02-20T07:45:04 CST" skipped="0">
  <testcase classname="com.login.PositiveTest" name="pTest" time="10.555"/>
  <system-out/>
</testsuite> <!-- com.login.PositiveTest -->
