<?xml version="1.0" encoding="UTF-8"?>
<!-- Generated by org.testng.reporters.JUnitReportReporter -->
<testsuite hostname="Ravis-MBP.lan" failures="0" tests="1" name="com.login.NegativeTestUsername" time="8.886" errors="0" timestamp="2023-02-20T07:45:04 CST" skipped="0">
  <testcase classname="com.login.NegativeTestUsername" name="negUn" time="8.886"/>
  <system-out/>
</testsuite> <!-- com.login.NegativeTestUsername -->
