<?xml version="1.0" encoding="UTF-8"?>
<!-- Generated by org.testng.reporters.JUnitReportReporter -->
<testsuite hostname="Ravis-MBP.lan" failures="0" tests="1" name="com.login.NegativeTestEmpty" time="8.681" errors="0" timestamp="2023-02-14T14:35:22 CST" skipped="0">
  <testcase classname="com.login.NegativeTestEmpty" name="negEmp" time="8.681"/>
  <system-out/>
</testsuite> <!-- com.login.NegativeTestEmpty -->
