<?xml version="1.0" encoding="UTF-8"?>
<!-- Generated by org.testng.reporters.JUnitReportReporter -->
<testsuite hostname="Ravis-MBP.lan" failures="0" tests="1" name="com.login.NegativeTestPassword" time="8.799" errors="0" timestamp="2023-02-20T07:45:04 CST" skipped="0">
  <testcase classname="com.login.NegativeTestPassword" name="negPass" time="8.799"/>
  <system-out/>
</testsuite> <!-- com.login.NegativeTestPassword -->
