<?xml version="1.0" encoding="UTF-8"?>
<!-- Generated by org.testng.reporters.JUnitReportReporter -->
<testsuite hostname="Ravis-MBP.lan" failures="0" tests="1" name="com.login.PositiveTest" time="15.448" errors="0" timestamp="2023-02-19T20:33:11 CST" skipped="0">
  <testcase classname="com.login.PositiveTest" name="pTest" time="15.448"/>
  <system-out/>
</testsuite> <!-- com.login.PositiveTest -->
